Build started 29.04.2015 14:33:07.
     1>Project "D:\OpenPTV\postptv_new\conversion\ptv_is_2_unstructured_vtk\ptv_is_2_unstructured_vtk.vcxproj" on node 2 (build target(s)).
     1>C:\Program Files\MSBuild\Microsoft.Cpp\v4.0\Microsoft.CppBuild.targets(299,5): warning MSB8004: Output Directory does not end with a trailing slash.  This build instance will add the slash as it is required to allow proper evaluation of the Output Directory.
     1>InitializeBuildStatus:
         Touching "Debug\ptv_is_2_unstructured_vtk.unsuccessfulbuild".
       ClCompile:
         c:\Program Files\Microsoft Visual Studio 10.0\VC\bin\CL.exe /c /ID:\OpenPTV\postptv_new\conversion\ptv_is_2_unstructured_vtk\include /ZI /nologo /W1 /WX- /Od /Oy- /D WIN32 /D _DEBUG /D _WINDOWS /D _UNICODE /D UNICODE /D _ATL_STATIC_REGISTRY /Gm /EHsc /RTC1 /MDd /GS /fp:precise /Zc:wchar_t /Zc:forScope /Fo"Debug\\" /Fd"Debug\vc100.pdb" /Gd /TC /analyze- /errorReport:prompt src\ptv_is_2_unstructured_vtk.c
         ptv_is_2_unstructured_vtk.c
       ManifestResourceCompile:
         All outputs are up-to-date.
       Link:
         c:\Program Files\Microsoft Visual Studio 10.0\VC\bin\link.exe /ERRORREPORT:PROMPT /OUT:"D:\OpenPTV\postptv_new\conversion\ptv_is_2_unstructured_vtk\Debug\ptv_is_2_unstructured_vtk.exe" /INCREMENTAL /NOLOGO kernel32.lib user32.lib gdi32.lib winspool.lib comdlg32.lib advapi32.lib shell32.lib ole32.lib oleaut32.lib uuid.lib odbc32.lib odbccp32.lib /MANIFEST /ManifestFile:"Debug\ptv_is_2_unstructured_vtk.exe.intermediate.manifest" /MANIFESTUAC:"level='asInvoker' uiAccess='false'" /DEBUG /PDB:"D:\OpenPTV\postptv_new\conversion\ptv_is_2_unstructured_vtk\Debug\ptv_is_2_unstructured_vtk.pdb" /TLBID:1 /DYNAMICBASE /NXCOMPAT /IMPLIB:"D:\OpenPTV\postptv_new\conversion\ptv_is_2_unstructured_vtk\Debug\ptv_is_2_unstructured_vtk.lib" /MACHINE:X86 Debug\ptv_is_2_unstructured_vtk.exe.embed.manifest.res
         Debug\ptv_is_2_unstructured_vtk.obj
         Debug\tools.obj
       Manifest:
         c:\Program Files\Microsoft SDKs\Windows\v7.0A\bin\mt.exe /nologo /verbose /out:"Debug\ptv_is_2_unstructured_vtk.exe.embed.manifest" /manifest Debug\ptv_is_2_unstructured_vtk.exe.intermediate.manifest
         All outputs are up-to-date.
       LinkEmbedManifest:
         All outputs are up-to-date.
         ptv_is_2_unstructured_vtk.vcxproj -> D:\OpenPTV\postptv_new\conversion\ptv_is_2_unstructured_vtk\Debug\ptv_is_2_unstructured_vtk.exe
       FinalizeBuildStatus:
         Deleting file "Debug\ptv_is_2_unstructured_vtk.unsuccessfulbuild".
         Touching "Debug\ptv_is_2_unstructured_vtk.lastbuildstate".
     1>Done Building Project "D:\OpenPTV\postptv_new\conversion\ptv_is_2_unstructured_vtk\ptv_is_2_unstructured_vtk.vcxproj" (build target(s)).

Build succeeded.

Time Elapsed 00:00:01.00
